demos/java/io/material/demo/shrine/filters/build/outputs/logs/manifest-merger-debug-report.txt
-- Merging decision tree log ---
manifest
ADDED from shrine/filters/AndroidManifest.xml:17:1-28:12
INJECTED from shrine/filters/AndroidManifest.xml:17:1-28:12
INJECTED from shrine/filters/AndroidManifest.xml:17:1-28:12
	package
		ADDED from shrine/filters/AndroidManifest.xml:18:3-44
		INJECTED from shrine/filters/AndroidManifest.xml
		INJECTED from shrine/filters/AndroidManifest.xml
	xmlns:android
		ADDED from shrine/filters/AndroidManifest.xml:17:11-69
application
ADDED from shrine/filters/AndroidManifest.xml:20:3-26:17
activity#io.material.demo.shrine.filters.FiltersActivity
ADDED from shrine/filters/AndroidManifest.xml:21:5-25:51
	android:parentActivityName
		ADDED from shrine/filters/AndroidManifest.xml:23:7-88
	android:label
		ADDED from shrine/filters/AndroidManifest.xml:24:7-55
	android:theme
		ADDED from shrine/filters/AndroidManifest.xml:25:7-49
	android:name
		ADDED from shrine/filters/AndroidManifest.xml:22:7-38
uses-sdk
INJECTED from shrine/filters/AndroidManifest.xml reason: use-sdk injection requested
INJECTED from shrine/filters/AndroidManifest.xml
INJECTED from shrine/filters/AndroidManifest.xml
INJECTED from shrine/filters/AndroidManifest.xml
INJECTED from shrine/filters/AndroidManifest.xml
	android:targetSdkVersion
		INJECTED from shrine/filters/AndroidManifest.xml
		ADDED from shrine/filters/AndroidManifest.xml
		INJECTED from shrine/filters/AndroidManifest.xml
	android:minSdkVersion
		INJECTED from shrine/filters/AndroidManifest.xml
		ADDED from shrine/filters/AndroidManifest.xml
		INJECTED from shrine/filters/AndroidManifest.xml